{"level":"info","message":"::1 - - [10/Apr/2016:09:40:59 +0000] \"GET / HTTP/1.1\" 304 -\n","timestamp":"2016-04-10T09:40:59.364Z"}
{"level":"info","message":"::1 - - [10/Apr/2016:09:41:06 +0000] \"GET /apidoc HTTP/1.1\" 303 47\n","timestamp":"2016-04-10T09:41:06.930Z"}
{"level":"info","message":"::1 - - [10/Apr/2016:09:41:06 +0000] \"GET /apidoc/ HTTP/1.1\" 200 26534\n","timestamp":"2016-04-10T09:41:06.945Z"}
{"level":"info","message":"::1 - - [10/Apr/2016:09:41:07 +0000] \"GET /apidoc/vendor/prettify.css HTTP/1.1\" 200 1482\n","timestamp":"2016-04-10T09:41:07.207Z"}
{"level":"info","message":"::1 - - [10/Apr/2016:09:41:07 +0000] \"GET /apidoc/vendor/polyfill.js HTTP/1.1\" 200 2783\n","timestamp":"2016-04-10T09:41:07.208Z"}
{"level":"info","message":"::1 - - [10/Apr/2016:09:41:07 +0000] \"GET /apidoc/vendor/require.min.js HTTP/1.1\" 200 15218\n","timestamp":"2016-04-10T09:41:07.209Z"}
{"level":"info","message":"::1 - - [10/Apr/2016:09:41:07 +0000] \"GET /apidoc/css/style.css HTTP/1.1\" 200 9962\n","timestamp":"2016-04-10T09:41:07.211Z"}
{"level":"info","message":"::1 - - [10/Apr/2016:09:41:07 +0000] \"GET /apidoc/vendor/bootstrap.min.css HTTP/1.1\" 200 106006\n","timestamp":"2016-04-10T09:41:07.213Z"}
{"level":"info","message":"::1 - - [10/Apr/2016:09:41:07 +0000] \"GET /apidoc/main.js HTTP/1.1\" 200 24202\n","timestamp":"2016-04-10T09:41:07.867Z"}
{"level":"info","message":"::1 - - [10/Apr/2016:09:41:07 +0000] \"GET /apidoc/locales/locale.js?v=1460281267886 HTTP/1.1\" 200 1134\n","timestamp":"2016-04-10T09:41:07.921Z"}
{"level":"info","message":"::1 - - [10/Apr/2016:09:41:07 +0000] \"GET /apidoc/api_project.js?v=1460281267886 HTTP/1.1\" 200 343\n","timestamp":"2016-04-10T09:41:07.922Z"}
{"level":"info","message":"::1 - - [10/Apr/2016:09:41:07 +0000] \"GET /apidoc/vendor/lodash.min.js?v=1460281267886 HTTP/1.1\" 200 31341\n","timestamp":"2016-04-10T09:41:07.924Z"}
{"level":"info","message":"::1 - - [10/Apr/2016:09:41:07 +0000] \"GET /apidoc/api_data.js?v=1460281267886 HTTP/1.1\" 200 19458\n","timestamp":"2016-04-10T09:41:07.926Z"}
{"level":"info","message":"::1 - - [10/Apr/2016:09:41:07 +0000] \"GET /apidoc/utils/send_sample_request.js?v=1460281267886 HTTP/1.1\" 200 6180\n","timestamp":"2016-04-10T09:41:07.931Z"}
{"level":"info","message":"::1 - - [10/Apr/2016:09:41:07 +0000] \"GET /apidoc/vendor/jquery.min.js?v=1460281267886 HTTP/1.1\" 200 95786\n","timestamp":"2016-04-10T09:41:07.946Z"}
{"level":"info","message":"::1 - - [10/Apr/2016:09:41:07 +0000] \"GET /apidoc/vendor/semver.min.js?v=1460281267886 HTTP/1.1\" 200 12950\n","timestamp":"2016-04-10T09:41:07.952Z"}
{"level":"info","message":"::1 - - [10/Apr/2016:09:41:07 +0000] \"GET /apidoc/vendor/path-to-regexp/index.js?v=1460281267886 HTTP/1.1\" 200 5147\n","timestamp":"2016-04-10T09:41:07.954Z"}
{"level":"info","message":"::1 - - [10/Apr/2016:09:41:07 +0000] \"GET /apidoc/vendor/webfontloader.js?v=1460281267886 HTTP/1.1\" 200 12362\n","timestamp":"2016-04-10T09:41:07.956Z"}
{"level":"info","message":"::1 - - [10/Apr/2016:09:41:07 +0000] \"GET /apidoc/vendor/prettify/prettify.js?v=1460281267886 HTTP/1.1\" 200 14551\n","timestamp":"2016-04-10T09:41:07.957Z"}
{"level":"info","message":"::1 - - [10/Apr/2016:09:41:07 +0000] \"GET /apidoc/vendor/handlebars.min.js?v=1460281267886 HTTP/1.1\" 200 48517\n","timestamp":"2016-04-10T09:41:07.973Z"}
{"level":"info","message":"::1 - - [10/Apr/2016:09:41:07 +0000] \"GET /apidoc/locales/ca.js?v=1460281267886 HTTP/1.1\" 200 1225\n","timestamp":"2016-04-10T09:41:07.977Z"}
{"level":"info","message":"::1 - - [10/Apr/2016:09:41:07 +0000] \"GET /apidoc/locales/de.js?v=1460281267886 HTTP/1.1\" 200 1234\n","timestamp":"2016-04-10T09:41:07.979Z"}
{"level":"info","message":"::1 - - [10/Apr/2016:09:41:07 +0000] \"GET /apidoc/locales/es.js?v=1460281267886 HTTP/1.1\" 200 1244\n","timestamp":"2016-04-10T09:41:07.980Z"}
{"level":"info","message":"::1 - - [10/Apr/2016:09:41:07 +0000] \"GET /apidoc/locales/fr.js?v=1460281267886 HTTP/1.1\" 200 1264\n","timestamp":"2016-04-10T09:41:07.981Z"}
{"level":"info","message":"::1 - - [10/Apr/2016:09:41:07 +0000] \"GET /apidoc/locales/nl.js?v=1460281267886 HTTP/1.1\" 200 1241\n","timestamp":"2016-04-10T09:41:07.989Z"}
{"level":"info","message":"::1 - - [10/Apr/2016:09:41:08 +0000] \"GET /apidoc/locales/pl.js?v=1460281267886 HTTP/1.1\" 200 1226\n","timestamp":"2016-04-10T09:41:08.006Z"}
{"level":"info","message":"::1 - - [10/Apr/2016:09:41:08 +0000] \"GET /apidoc/locales/pt_br.js?v=1460281267886 HTTP/1.1\" 200 1236\n","timestamp":"2016-04-10T09:41:08.008Z"}
{"level":"info","message":"::1 - - [10/Apr/2016:09:41:08 +0000] \"GET /apidoc/locales/ru.js?v=1460281267886 HTTP/1.1\" 200 1481\n","timestamp":"2016-04-10T09:41:08.009Z"}
{"level":"info","message":"::1 - - [10/Apr/2016:09:41:08 +0000] \"GET /apidoc/locales/zh.js?v=1460281267886 HTTP/1.1\" 200 1163\n","timestamp":"2016-04-10T09:41:08.010Z"}
{"level":"info","message":"::1 - - [10/Apr/2016:09:41:08 +0000] \"GET /apidoc/locales/zh_cn.js?v=1460281267886 HTTP/1.1\" 200 1186\n","timestamp":"2016-04-10T09:41:08.011Z"}
{"level":"info","message":"::1 - - [10/Apr/2016:09:41:08 +0000] \"GET /apidoc/vendor/bootstrap.min.js?v=1460281267886 HTTP/1.1\" 200 28631\n","timestamp":"2016-04-10T09:41:08.095Z"}
{"level":"info","message":"::1 - - [10/Apr/2016:09:41:08 +0000] \"GET /apidoc/utils/handlebars_helper.js?v=1460281267886 HTTP/1.1\" 200 9397\n","timestamp":"2016-04-10T09:41:08.133Z"}
{"level":"info","message":"::1 - - [10/Apr/2016:09:41:08 +0000] \"GET /apidoc/vendor/diff_match_patch.min.js?v=1460281267886 HTTP/1.1\" 200 19192\n","timestamp":"2016-04-10T09:41:08.165Z"}
{"level":"info","message":"::1 - - [10/Apr/2016:09:41:11 +0000] \"GET /tasks HTTP/1.1\" 401 -\n","timestamp":"2016-04-10T09:41:11.655Z"}
